<?xml version="1.0" encoding="UTF-8"?>
<!-- Generated by org.testng.reporters.JUnitXMLReporter -->
<testsuite ignored="6" hostname="Amol" failures="0" tests="1" name="Test" time="14.172" errors="0" timestamp="2024-08-01T14:42:26 IST">
  <testcase classname="com.wtw.testcases.FooterTests" name="validateFooterSocialMediaLinksInFooter" time="8.01"/>
  <testcase classname="com.wtw.testcases.LoginTests" name="loginValidationWithInvalidCred" time="0.0">
    <ignored/>
  </testcase> <!-- loginValidationWithInvalidCred -->
  <testcase classname="com.wtw.testcases.LoginTests" name="loginLogoutValidationWithValidCred" time="0.0">
    <ignored/>
  </testcase> <!-- loginLogoutValidationWithValidCred -->
  <testcase classname="com.wtw.testcases.CheckoutTests" name="multipleScenarioWorkflow" time="0.0">
    <ignored/>
  </testcase> <!-- multipleScenarioWorkflow -->
  <testcase classname="com.wtw.testcases.ProductsTests" name="validateResetAppSateWithBrowserRefresh" time="0.0">
    <ignored/>
  </testcase> <!-- validateResetAppSateWithBrowserRefresh -->
  <testcase classname="com.wtw.testcases.ProductsTests" name="validateRemoveFunctionalityWithPerUser" time="0.0">
    <ignored/>
  </testcase> <!-- validateRemoveFunctionalityWithPerUser -->
  <testcase classname="com.wtw.testcases.CheckoutTests" name="addProductToCartAndCheckout" time="0.0">
    <ignored/>
  </testcase> <!-- addProductToCartAndCheckout -->
</testsuite> <!-- Test -->
