<?xml version="1.0" encoding="UTF-8"?>
<!-- Generated by org.testng.reporters.JUnitXMLReporter -->
<testsuite ignored="0" hostname="Amol" failures="0" tests="7" name="Test" time="27.808" errors="0" timestamp="2024-08-01T03:40:33 IST">
  <testcase classname="com.wtw.testcases.LoginTests" name="loginLogoutValidationWithValidCred" time="2.245"/>
  <testcase classname="com.wtw.testcases.LoginTests" name="loginValidationWithInvalidCred" time="0.74"/>
  <testcase classname="com.wtw.testcases.FooterTests" name="validateFooterSocialMediaLinksInFooter" time="10.454"/>
  <testcase classname="com.wtw.testcases.ProductsTests" name="validateRemoveFunctionalityWithPerUser" time="12.846"/>
  <testcase classname="com.wtw.testcases.ProductsTests" name="validateResetAppSateWithBrowserRefresh" time="13.619"/>
  <testcase classname="com.wtw.testcases.CheckoutTests" name="multipleScenarioWorkflow" time="4.656"/>
  <testcase classname="com.wtw.testcases.CheckoutTests" name="addProductToCartAndCheckout" time="13.301"/>
</testsuite> <!-- Test -->
