<?xml version="1.0" encoding="UTF-8"?>
<!-- Generated by org.testng.reporters.JUnitXMLReporter -->
<testsuite ignored="0" hostname="Amol" failures="0" tests="7" name="Test" time="29.592" errors="0" timestamp="2024-08-01T03:46:47 IST">
  <testcase classname="com.wtw.testcases.LoginTests" name="loginLogoutValidationWithValidCred" time="2.74"/>
  <testcase classname="com.wtw.testcases.LoginTests" name="loginValidationWithInvalidCred" time="2.337"/>
  <testcase classname="com.wtw.testcases.FooterTests" name="validateFooterSocialMediaLinksInFooter" time="9.522"/>
  <testcase classname="com.wtw.testcases.ProductsTests" name="validateRemoveFunctionalityWithPerUser" time="12.865"/>
  <testcase classname="com.wtw.testcases.ProductsTests" name="validateResetAppSateWithBrowserRefresh" time="15.084"/>
  <testcase classname="com.wtw.testcases.CheckoutTests" name="multipleScenarioWorkflow" time="5.106"/>
  <testcase classname="com.wtw.testcases.CheckoutTests" name="addProductToCartAndCheckout" time="13.374"/>
</testsuite> <!-- Test -->
