<?xml version="1.0" encoding="UTF-8"?>
<!-- Generated by org.testng.reporters.JUnitXMLReporter -->
<testsuite ignored="0" hostname="Amol" failures="0" tests="7" name="Test" time="111.212" errors="0" timestamp="2024-08-01T14:37:34 IST">
  <testcase classname="com.wtw.testcases.LoginTests" name="loginLogoutValidationWithValidCred" time="5.801"/>
  <testcase classname="com.wtw.testcases.ProductsTests" name="validateResetAppSateWithBrowserRefresh" time="20.5"/>
  <testcase classname="com.wtw.testcases.FooterTests" name="validateFooterSocialMediaLinksInFooter" time="23.006"/>
  <testcase classname="com.wtw.testcases.ProductsTests" name="validateRemoveFunctionalityWithPerUser" time="17.235"/>
  <testcase classname="com.wtw.testcases.LoginTests" name="loginValidationWithInvalidCred" time="5.873"/>
  <testcase classname="com.wtw.testcases.CheckoutTests" name="addProductToCartAndCheckout" time="19.854"/>
  <testcase classname="com.wtw.testcases.CheckoutTests" name="multipleScenarioWorkflow" time="55.426"/>
</testsuite> <!-- Test -->
