<?xml version="1.0" encoding="UTF-8"?>
<testsuite xmlns:xsi="http://www.w3.org/2001/XMLSchema-instance" xsi:noNamespaceSchemaLocation="https://maven.apache.org/surefire/maven-surefire-plugin/xsd/surefire-test-report.xsd" version="3.0.2" name="TestSuite" time="31.671" tests="7" errors="0" skipped="0" failures="0">
  <properties>
[...]
</properties>
  <testcase name="loginLogoutValidationWithValidCred" classname="com.wtw.testcases.LoginTests" time="2.746">
    <system-out><![CDATA[[INFO ] 2024-08-01 03:46:17.937 [main] ExtentInitializer - Creating extent report
[INFO ] 2024-08-01 03:46:18.250 [TestNG-test-Test-4] DriverFactory - launching local driver
[INFO ] 2024-08-01 03:46:18.250 [TestNG-test-Test-2] DriverFactory - launching local driver
[INFO ] 2024-08-01 03:46:18.250 [TestNG-test-Test-3] DriverFactory - launching local driver
[INFO ] 2024-08-01 03:46:18.250 [TestNG-test-Test-1] DriverFactory - launching local driver
[INFO ] 2024-08-01 03:46:18.252 [TestNG-test-Test-3] LocalDriver - launching chrome
[INFO ] 2024-08-01 03:46:18.252 [TestNG-test-Test-4] LocalDriver - launching chrome
[INFO ] 2024-08-01 03:46:18.252 [TestNG-test-Test-2] LocalDriver - launching chrome
[INFO ] 2024-08-01 03:46:18.252 [TestNG-test-Test-1] LocalDriver - launching chrome
[INFO ] 2024-08-01 03:46:21.908 [TestNG-test-Test-1] DriverFactory - deleting all cookies
[INFO ] 2024-08-01 03:46:21.909 [TestNG-test-Test-3] DriverFactory - deleting all cookies
[INFO ] 2024-08-01 03:46:21.908 [TestNG-test-Test-2] DriverFactory - deleting all cookies
[INFO ] 2024-08-01 03:46:21.908 [TestNG-test-Test-4] DriverFactory - deleting all cookies
[INFO ] 2024-08-01 03:46:21.941 [TestNG-test-Test-1] DriverFactory - maximizing browser
[INFO ] 2024-08-01 03:46:21.941 [TestNG-test-Test-2] DriverFactory - maximizing browser
[INFO ] 2024-08-01 03:46:21.942 [TestNG-test-Test-3] DriverFactory - maximizing browser
[INFO ] 2024-08-01 03:46:21.941 [TestNG-test-Test-4] DriverFactory - maximizing browser
[INFO ] 2024-08-01 03:46:22.104 [TestNG-test-Test-1] DriverFactory - launching url
[INFO ] 2024-08-01 03:46:22.142 [TestNG-test-Test-4] DriverFactory - launching url
[INFO ] 2024-08-01 03:46:22.233 [TestNG-test-Test-3] DriverFactory - launching url
[INFO ] 2024-08-01 03:46:22.242 [TestNG-test-Test-2] DriverFactory - launching url
]]></system-out>
    <system-err><![CDATA[SLF4J: Failed to load class "org.slf4j.impl.StaticLoggerBinder".
SLF4J: Defaulting to no-operation (NOP) logger implementation
SLF4J: See http://www.slf4j.org/codes.html#StaticLoggerBinder for further details.
]]></system-err>
  </testcase>
  <testcase name="loginValidationWithInvalidCred" classname="com.wtw.testcases.LoginTests" time="2.332">
    <system-out><![CDATA[[INFO ] 2024-08-01 03:46:26.042 [TestNG-test-Test-4] DriverFactory - quitting browser
[INFO ] 2024-08-01 03:46:27.266 [TestNG-test-Test-4] DriverFactory - launching local driver
[INFO ] 2024-08-01 03:46:27.266 [TestNG-test-Test-4] LocalDriver - launching chrome
[INFO ] 2024-08-01 03:46:28.866 [TestNG-test-Test-4] DriverFactory - deleting all cookies
[INFO ] 2024-08-01 03:46:28.900 [TestNG-test-Test-4] DriverFactory - maximizing browser
[INFO ] 2024-08-01 03:46:28.980 [TestNG-test-Test-4] DriverFactory - launching url
]]></system-out>
  </testcase>
  <testcase name="validateFooterSocialMediaLinksInFooter" classname="com.wtw.testcases.FooterTests" time="3.524">
    <system-out><![CDATA[[INFO ] 2024-08-01 03:46:31.632 [TestNG-test-Test-4] DriverFactory - quitting browser
[INFO ] 2024-08-01 03:46:32.059 [TestNG-test-Test-4] DriverFactory - launching local driver
[INFO ] 2024-08-01 03:46:32.061 [TestNG-test-Test-4] LocalDriver - launching chrome
]]></system-out>
  </testcase>
  <testcase name="validateRemoveFunctionalityWithPerUser" classname="com.wtw.testcases.ProductsTests" time="0.969">
    <system-out><![CDATA[[INFO ] 2024-08-01 03:46:32.838 [TestNG-test-Test-3] DriverFactory - quitting browser
[INFO ] 2024-08-01 03:46:33.236 [TestNG-test-Test-4] DriverFactory - deleting all cookies
[INFO ] 2024-08-01 03:46:33.250 [TestNG-test-Test-4] DriverFactory - maximizing browser
[INFO ] 2024-08-01 03:46:33.325 [TestNG-test-Test-4] DriverFactory - launching url
[INFO ] 2024-08-01 03:46:33.595 [TestNG-test-Test-3] DriverFactory - launching local driver
[INFO ] 2024-08-01 03:46:33.595 [TestNG-test-Test-3] LocalDriver - launching chrome
[INFO ] 2024-08-01 03:46:34.829 [TestNG-test-Test-3] DriverFactory - deleting all cookies
[INFO ] 2024-08-01 03:46:34.859 [TestNG-test-Test-3] DriverFactory - maximizing browser
[INFO ] 2024-08-01 03:46:34.937 [TestNG-test-Test-3] DriverFactory - launching url
]]></system-out>
  </testcase>
  <testcase name="validateResetAppSateWithBrowserRefresh" classname="com.wtw.testcases.ProductsTests" time="2.441">
    <system-out><![CDATA[[INFO ] 2024-08-01 03:46:36.181 [TestNG-test-Test-1] DriverFactory - quitting browser
]]></system-out>
  </testcase>
  <testcase name="multipleScenarioWorkflow" classname="com.wtw.testcases.CheckoutTests" time="5.104">
    <system-out><![CDATA[[INFO ] 2024-08-01 03:46:37.707 [TestNG-test-Test-2] DriverFactory - quitting browser
]]></system-out>
  </testcase>
  <testcase name="addProductToCartAndCheckout" classname="com.wtw.testcases.CheckoutTests" time="12.255">
    <system-out><![CDATA[[INFO ] 2024-08-01 03:46:40.260 [TestNG-test-Test-3] DriverFactory - quitting browser
]]></system-out>
  </testcase>
</testsuite>