<?xml version="1.0" encoding="UTF-8"?>
<testng-results ignored="0" total="7" passed="7" failed="0" skipped="0">
  <reporter-output>
  </reporter-output>
  <suite started-at="2024-08-01T14:35:43 IST" name="Suite" finished-at="2024-08-01T14:37:34 IST" duration-ms="111212">
    <groups>
      <group name="Regression">
        <method signature="CheckoutTests.addProductToCartAndCheckout()[pri:0, instance:com.wtw.testcases.CheckoutTests@71ba6d4e]" name="addProductToCartAndCheckout" class="com.wtw.testcases.CheckoutTests"/>
        <method signature="CheckoutTests.multipleScenarioWorkflow()[pri:0, instance:com.wtw.testcases.CheckoutTests@71ba6d4e]" name="multipleScenarioWorkflow" class="com.wtw.testcases.CheckoutTests"/>
        <method signature="ProductsTests.validateRemoveFunctionalityWithPerUser()[pri:0, instance:com.wtw.testcases.ProductsTests@b9b00e0]" name="validateRemoveFunctionalityWithPerUser" class="com.wtw.testcases.ProductsTests"/>
        <method signature="ProductsTests.validateResetAppSateWithBrowserRefresh()[pri:0, instance:com.wtw.testcases.ProductsTests@b9b00e0]" name="validateResetAppSateWithBrowserRefresh" class="com.wtw.testcases.ProductsTests"/>
      </group> <!-- Regression -->
      <group name="Smoke">
        <method signature="LoginTests.loginLogoutValidationWithValidCred()[pri:0, instance:com.wtw.testcases.LoginTests@55a147cc]" name="loginLogoutValidationWithValidCred" class="com.wtw.testcases.LoginTests"/>
        <method signature="LoginTests.loginValidationWithInvalidCred()[pri:0, instance:com.wtw.testcases.LoginTests@55a147cc]" name="loginValidationWithInvalidCred" class="com.wtw.testcases.LoginTests"/>
        <method signature="ProductsTests.validateRemoveFunctionalityWithPerUser()[pri:0, instance:com.wtw.testcases.ProductsTests@b9b00e0]" name="validateRemoveFunctionalityWithPerUser" class="com.wtw.testcases.ProductsTests"/>
      </group> <!-- Smoke -->
      <group name="SIT">
        <method signature="FooterTests.validateFooterSocialMediaLinksInFooter()[pri:0, instance:com.wtw.testcases.FooterTests@1a942c18]" name="validateFooterSocialMediaLinksInFooter" class="com.wtw.testcases.FooterTests"/>
      </group> <!-- SIT -->
    </groups>
    <test started-at="2024-08-01T14:35:43 IST" name="Test" finished-at="2024-08-01T14:37:34 IST" duration-ms="111212">
      <class name="com.wtw.testcases.LoginTests">
        <test-method is-config="true" signature="setUp()[pri:0, instance:com.wtw.testcases.LoginTests@55a147cc]" started-at="2024-08-01T14:35:43 IST" name="setUp" finished-at="2024-08-01T14:35:59 IST" duration-ms="16392" status="PASS">
          <reporter-output>
          </reporter-output>
        </test-method> <!-- setUp -->
        <test-method signature="loginLogoutValidationWithValidCred()[pri:0, instance:com.wtw.testcases.LoginTests@55a147cc]" started-at="2024-08-01T14:35:59 IST" name="loginLogoutValidationWithValidCred" description="Successful login and logout - TC01" finished-at="2024-08-01T14:36:05 IST" duration-ms="5801" status="PASS">
          <reporter-output>
          </reporter-output>
        </test-method> <!-- loginLogoutValidationWithValidCred -->
        <test-method is-config="true" signature="tearDown()[pri:0, instance:com.wtw.testcases.LoginTests@55a147cc]" started-at="2024-08-01T14:36:05 IST" name="tearDown" finished-at="2024-08-01T14:36:07 IST" duration-ms="1276" status="PASS">
          <reporter-output>
          </reporter-output>
        </test-method> <!-- tearDown -->
        <test-method is-config="true" signature="setUp()[pri:0, instance:com.wtw.testcases.LoginTests@55a147cc]" started-at="2024-08-01T14:36:07 IST" name="setUp" finished-at="2024-08-01T14:36:22 IST" duration-ms="15329" status="PASS">
          <reporter-output>
          </reporter-output>
        </test-method> <!-- setUp -->
        <test-method signature="loginValidationWithInvalidCred()[pri:0, instance:com.wtw.testcases.LoginTests@55a147cc]" started-at="2024-08-01T14:36:22 IST" name="loginValidationWithInvalidCred" description="Failed login - TC02" finished-at="2024-08-01T14:36:28 IST" duration-ms="5873" status="PASS">
          <reporter-output>
          </reporter-output>
        </test-method> <!-- loginValidationWithInvalidCred -->
        <test-method is-config="true" signature="tearDown()[pri:0, instance:com.wtw.testcases.LoginTests@55a147cc]" started-at="2024-08-01T14:36:28 IST" name="tearDown" finished-at="2024-08-01T14:36:29 IST" duration-ms="1130" status="PASS">
          <reporter-output>
          </reporter-output>
        </test-method> <!-- tearDown -->
      </class> <!-- com.wtw.testcases.LoginTests -->
      <class name="com.wtw.testcases.ProductsTests">
        <test-method is-config="true" signature="setUp()[pri:0, instance:com.wtw.testcases.ProductsTests@b9b00e0]" started-at="2024-08-01T14:35:43 IST" name="setUp" finished-at="2024-08-01T14:35:59 IST" duration-ms="16392" status="PASS">
          <reporter-output>
          </reporter-output>
        </test-method> <!-- setUp -->
        <test-method is-config="true" signature="setUp()[pri:0, instance:com.wtw.testcases.ProductsTests@b9b00e0]" started-at="2024-08-01T14:35:43 IST" name="setUp" finished-at="2024-08-01T14:36:08 IST" duration-ms="24740" status="PASS">
          <reporter-output>
          </reporter-output>
        </test-method> <!-- setUp -->
        <test-method signature="validateResetAppSateWithBrowserRefresh()[pri:0, instance:com.wtw.testcases.ProductsTests@b9b00e0]" started-at="2024-08-01T14:35:59 IST" name="validateResetAppSateWithBrowserRefresh" description="Browser refresh - TC05" finished-at="2024-08-01T14:36:20 IST" duration-ms="20500" status="PASS">
          <reporter-output>
          </reporter-output>
        </test-method> <!-- validateResetAppSateWithBrowserRefresh -->
        <test-method signature="validateRemoveFunctionalityWithPerUser()[pri:0, instance:com.wtw.testcases.ProductsTests@b9b00e0]" started-at="2024-08-01T14:36:08 IST" name="validateRemoveFunctionalityWithPerUser" description="Performance user - TC06" finished-at="2024-08-01T14:36:25 IST" duration-ms="17235" status="PASS">
          <reporter-output>
          </reporter-output>
        </test-method> <!-- validateRemoveFunctionalityWithPerUser -->
        <test-method is-config="true" signature="tearDown()[pri:0, instance:com.wtw.testcases.ProductsTests@b9b00e0]" started-at="2024-08-01T14:36:21 IST" name="tearDown" finished-at="2024-08-01T14:36:22 IST" duration-ms="1383" status="PASS">
          <reporter-output>
          </reporter-output>
        </test-method> <!-- tearDown -->
        <test-method is-config="true" signature="tearDown()[pri:0, instance:com.wtw.testcases.ProductsTests@b9b00e0]" started-at="2024-08-01T14:36:25 IST" name="tearDown" finished-at="2024-08-01T14:36:26 IST" duration-ms="1227" status="PASS">
          <reporter-output>
          </reporter-output>
        </test-method> <!-- tearDown -->
      </class> <!-- com.wtw.testcases.ProductsTests -->
      <class name="com.wtw.testcases.FooterTests">
        <test-method is-config="true" signature="setUp()[pri:0, instance:com.wtw.testcases.FooterTests@1a942c18]" started-at="2024-08-01T14:35:43 IST" name="setUp" finished-at="2024-08-01T14:35:57 IST" duration-ms="14134" status="PASS">
          <reporter-output>
          </reporter-output>
        </test-method> <!-- setUp -->
        <test-method signature="validateFooterSocialMediaLinksInFooter()[pri:0, instance:com.wtw.testcases.FooterTests@1a942c18]" started-at="2024-08-01T14:35:57 IST" name="validateFooterSocialMediaLinksInFooter" description="Bonus Test case - TC07" finished-at="2024-08-01T14:36:20 IST" duration-ms="23006" status="PASS">
          <reporter-output>
          </reporter-output>
        </test-method> <!-- validateFooterSocialMediaLinksInFooter -->
        <test-method is-config="true" signature="tearDown()[pri:0, instance:com.wtw.testcases.FooterTests@1a942c18]" started-at="2024-08-01T14:36:20 IST" name="tearDown" finished-at="2024-08-01T14:36:22 IST" duration-ms="1361" status="PASS">
          <reporter-output>
          </reporter-output>
        </test-method> <!-- tearDown -->
      </class> <!-- com.wtw.testcases.FooterTests -->
      <class name="com.wtw.testcases.CheckoutTests">
        <test-method is-config="true" signature="setUp()[pri:0, instance:com.wtw.testcases.CheckoutTests@71ba6d4e]" started-at="2024-08-01T14:36:22 IST" name="setUp" finished-at="2024-08-01T14:36:35 IST" duration-ms="13172" status="PASS">
          <reporter-output>
          </reporter-output>
        </test-method> <!-- setUp -->
        <test-method is-config="true" signature="setUp()[pri:0, instance:com.wtw.testcases.CheckoutTests@71ba6d4e]" started-at="2024-08-01T14:36:22 IST" name="setUp" finished-at="2024-08-01T14:36:37 IST" duration-ms="15028" status="PASS">
          <reporter-output>
          </reporter-output>
        </test-method> <!-- setUp -->
        <test-method signature="addProductToCartAndCheckout()[pri:0, instance:com.wtw.testcases.CheckoutTests@71ba6d4e]" started-at="2024-08-01T14:36:35 IST" name="addProductToCartAndCheckout" description="Error user - TC04" finished-at="2024-08-01T14:36:55 IST" duration-ms="19854" status="PASS">
          <reporter-output>
          </reporter-output>
        </test-method> <!-- addProductToCartAndCheckout -->
        <test-method signature="multipleScenarioWorkflow()[pri:0, instance:com.wtw.testcases.CheckoutTests@71ba6d4e]" started-at="2024-08-01T14:36:37 IST" name="multipleScenarioWorkflow" description="Multiple scenario workflow - TC03" finished-at="2024-08-01T14:37:32 IST" duration-ms="55426" status="PASS">
          <reporter-output>
          </reporter-output>
        </test-method> <!-- multipleScenarioWorkflow -->
        <test-method is-config="true" signature="tearDown()[pri:0, instance:com.wtw.testcases.CheckoutTests@71ba6d4e]" started-at="2024-08-01T14:36:55 IST" name="tearDown" finished-at="2024-08-01T14:36:57 IST" duration-ms="2102" status="PASS">
          <reporter-output>
          </reporter-output>
        </test-method> <!-- tearDown -->
        <test-method is-config="true" signature="tearDown()[pri:0, instance:com.wtw.testcases.CheckoutTests@71ba6d4e]" started-at="2024-08-01T14:37:33 IST" name="tearDown" finished-at="2024-08-01T14:37:34 IST" duration-ms="1241" status="PASS">
          <reporter-output>
          </reporter-output>
        </test-method> <!-- tearDown -->
      </class> <!-- com.wtw.testcases.CheckoutTests -->
    </test> <!-- Test -->
  </suite> <!-- Suite -->
</testng-results>
