<?xml version="1.0" encoding="UTF-8"?>
<testsuite xmlns:xsi="http://www.w3.org/2001/XMLSchema-instance" xsi:noNamespaceSchemaLocation="https://maven.apache.org/surefire/maven-surefire-plugin/xsd/surefire-test-report.xsd" version="3.0.2" name="TestSuite" time="113.38" tests="7" errors="0" skipped="0" failures="0">
  <properties>
[...]
</properties>
  <testcase name="loginLogoutValidationWithValidCred" classname="com.wtw.testcases.LoginTests" time="5.801">
    <system-out><![CDATA[[INFO ] 2024-08-01 14:35:42.954 [main] ExtentInitializer - Creating extent report
[INFO ] 2024-08-01 14:35:43.287 [TestNG-test-Test-4] DriverFactory - launching remote browserstack driver
[INFO ] 2024-08-01 14:35:43.287 [TestNG-test-Test-2] DriverFactory - launching remote browserstack driver
[INFO ] 2024-08-01 14:35:43.287 [TestNG-test-Test-1] DriverFactory - launching remote browserstack driver
[INFO ] 2024-08-01 14:35:43.287 [TestNG-test-Test-3] DriverFactory - launching remote browserstack driver
[INFO ] 2024-08-01 14:35:55.754 [TestNG-test-Test-3] DriverFactory - deleting all cookies
[INFO ] 2024-08-01 14:35:55.983 [TestNG-test-Test-3] DriverFactory - maximizing browser
[INFO ] 2024-08-01 14:35:56.361 [TestNG-test-Test-3] DriverFactory - launching url
[INFO ] 2024-08-01 14:35:57.834 [TestNG-test-Test-2] DriverFactory - deleting all cookies
[INFO ] 2024-08-01 14:35:57.928 [TestNG-test-Test-4] DriverFactory - deleting all cookies
[INFO ] 2024-08-01 14:35:57.945 [TestNG-test-Test-2] DriverFactory - maximizing browser
[INFO ] 2024-08-01 14:35:58.020 [TestNG-test-Test-4] DriverFactory - maximizing browser
[INFO ] 2024-08-01 14:35:58.279 [TestNG-test-Test-2] DriverFactory - launching url
[INFO ] 2024-08-01 14:35:58.288 [TestNG-test-Test-4] DriverFactory - launching url
]]></system-out>
    <system-err><![CDATA[SLF4J: Failed to load class "org.slf4j.impl.StaticLoggerBinder".
SLF4J: Defaulting to no-operation (NOP) logger implementation
SLF4J: See http://www.slf4j.org/codes.html#StaticLoggerBinder for further details.
Aug 01, 2024 2:35:43 PM org.openqa.selenium.remote.tracing.opentelemetry.OpenTelemetryTracer createTracer
INFO: Using OpenTelemetry for tracing
]]></system-err>
  </testcase>
  <testcase name="loginValidationWithInvalidCred" classname="com.wtw.testcases.LoginTests" time="5.871">
    <system-out><![CDATA[[INFO ] 2024-08-01 14:36:25.569 [TestNG-test-Test-1] DriverFactory - quitting browser
]]></system-out>
  </testcase>
  <testcase name="validateResetAppSateWithBrowserRefresh" classname="com.wtw.testcases.ProductsTests" time="12.15">
    <system-out><![CDATA[[INFO ] 2024-08-01 14:36:05.805 [TestNG-test-Test-4] DriverFactory - quitting browser
[INFO ] 2024-08-01 14:36:06.342 [TestNG-test-Test-1] DriverFactory - deleting all cookies
[INFO ] 2024-08-01 14:36:06.445 [TestNG-test-Test-1] DriverFactory - maximizing browser
[INFO ] 2024-08-01 14:36:07.062 [TestNG-test-Test-1] DriverFactory - launching url
[INFO ] 2024-08-01 14:36:07.090 [TestNG-test-Test-4] DriverFactory - launching remote browserstack driver
]]></system-out>
  </testcase>
  <testcase name="validateRemoveFunctionalityWithPerUser" classname="com.wtw.testcases.ProductsTests" time="2.829">
    <system-out><![CDATA[[INFO ] 2024-08-01 14:36:20.751 [TestNG-test-Test-3] DriverFactory - quitting browser
[INFO ] 2024-08-01 14:36:21.009 [TestNG-test-Test-2] DriverFactory - quitting browser
[INFO ] 2024-08-01 14:36:21.588 [TestNG-test-Test-4] DriverFactory - deleting all cookies
[INFO ] 2024-08-01 14:36:21.700 [TestNG-test-Test-4] DriverFactory - maximizing browser
[INFO ] 2024-08-01 14:36:22.002 [TestNG-test-Test-4] DriverFactory - launching url
[INFO ] 2024-08-01 14:36:22.117 [TestNG-test-Test-3] DriverFactory - launching remote browserstack driver
[INFO ] 2024-08-01 14:36:22.395 [TestNG-test-Test-2] DriverFactory - launching remote browserstack driver
]]></system-out>
  </testcase>
  <testcase name="validateFooterSocialMediaLinksInFooter" classname="com.wtw.testcases.FooterTests" time="12.4"/>
  <testcase name="addProductToCartAndCheckout" classname="com.wtw.testcases.CheckoutTests" time="17.719">
    <system-out><![CDATA[[INFO ] 2024-08-01 14:36:28.671 [TestNG-test-Test-4] DriverFactory - quitting browser
[INFO ] 2024-08-01 14:36:33.772 [TestNG-test-Test-3] DriverFactory - deleting all cookies
[INFO ] 2024-08-01 14:36:33.962 [TestNG-test-Test-3] DriverFactory - maximizing browser
[INFO ] 2024-08-01 14:36:34.250 [TestNG-test-Test-3] DriverFactory - launching url
[INFO ] 2024-08-01 14:36:35.889 [TestNG-test-Test-2] DriverFactory - deleting all cookies
[INFO ] 2024-08-01 14:36:35.979 [TestNG-test-Test-2] DriverFactory - maximizing browser
[INFO ] 2024-08-01 14:36:36.227 [TestNG-test-Test-2] DriverFactory - launching url
]]></system-out>
  </testcase>
  <testcase name="multipleScenarioWorkflow" classname="com.wtw.testcases.CheckoutTests" time="55.425">
    <system-out><![CDATA[[INFO ] 2024-08-01 14:36:55.426 [TestNG-test-Test-3] DriverFactory - quitting browser
]]></system-out>
  </testcase>
</testsuite>