<?xml version="1.0" encoding="UTF-8"?>
<testng-results ignored="0" total="1" passed="1" failed="0" skipped="0">
  <reporter-output>
  </reporter-output>
  <suite started-at="2024-08-01T14:42:12 IST" name="Suite" finished-at="2024-08-01T14:42:26 IST" duration-ms="14172">
    <groups>
      <group name="SIT">
        <method signature="FooterTests.validateFooterSocialMediaLinksInFooter()[pri:0, instance:com.wtw.testcases.FooterTests@7c137fd5]" name="validateFooterSocialMediaLinksInFooter" class="com.wtw.testcases.FooterTests"/>
      </group> <!-- SIT -->
    </groups>
    <test started-at="2024-08-01T14:42:12 IST" name="Test" finished-at="2024-08-01T14:42:26 IST" duration-ms="14172">
      <class name="com.wtw.testcases.FooterTests">
        <test-method is-config="true" signature="setUp()[pri:0, instance:com.wtw.testcases.FooterTests@7c137fd5]" started-at="2024-08-01T14:42:12 IST" name="setUp" finished-at="2024-08-01T14:42:17 IST" duration-ms="5520" status="PASS">
          <reporter-output>
          </reporter-output>
        </test-method> <!-- setUp -->
        <test-method signature="validateFooterSocialMediaLinksInFooter()[pri:0, instance:com.wtw.testcases.FooterTests@7c137fd5]" started-at="2024-08-01T14:42:17 IST" name="validateFooterSocialMediaLinksInFooter" description="Bonus Test case - TC07" finished-at="2024-08-01T14:42:25 IST" duration-ms="8010" status="PASS">
          <reporter-output>
          </reporter-output>
        </test-method> <!-- validateFooterSocialMediaLinksInFooter -->
        <test-method is-config="true" signature="tearDown()[pri:0, instance:com.wtw.testcases.FooterTests@7c137fd5]" started-at="2024-08-01T14:42:25 IST" name="tearDown" finished-at="2024-08-01T14:42:26 IST" duration-ms="433" status="PASS">
          <reporter-output>
          </reporter-output>
        </test-method> <!-- tearDown -->
      </class> <!-- com.wtw.testcases.FooterTests -->
    </test> <!-- Test -->
  </suite> <!-- Suite -->
</testng-results>
